<?xml version="1.0" encoding="UTF-8"?>
<!-- Generated by org.testng.reporters.JUnitReportReporter -->
<testsuite hostname="AdminisorsAir62.lan" name="test.TestClass2$TestClass3" tests="1" failures="0" timestamp="2 May 2017 03:16:38 GMT" time="1048.874" errors="0">
  <testcase name="runTest1" time="1048.874" classname="test.TestClass2$TestClass3"/>
</testsuite> <!-- test.TestClass2$TestClass3 -->
