<?xml version="1.0" encoding="UTF-8"?>
<!-- Generated by org.testng.reporters.JUnitReportReporter -->
<testsuite hostname="AdminisorsAir62.lan" name="test.TestClass1" tests="1" failures="0" timestamp="26 Mar 2017 16:11:42 GMT" time="2123.945" errors="0">
  <testcase name="runTest1" time="2123.945" classname="test.TestClass1"/>
</testsuite> <!-- test.TestClass1 -->
