<?xml version="1.0" encoding="UTF-8"?>
<!-- Generated by org.testng.reporters.JUnitReportReporter -->
<testsuite hostname="Administrators-MacBook-Air-62.local" name="test.TestClass3" tests="1" failures="0" timestamp="31 Mar 2017 08:36:11 GMT" time="0.069" errors="0">
  <testcase name="runTest1" time="0.069" classname="test.TestClass3"/>
</testsuite> <!-- test.TestClass3 -->
