<?xml version="1.0" encoding="UTF-8"?>
<!-- Generated by org.testng.reporters.JUnitReportReporter -->
<testsuite hostname="Administrators-MacBook-Air-62.local" name="TestClass" tests="1" failures="0" timestamp="24 Feb 2017 09:50:30 GMT" time="0.556" errors="0">
  <testcase name="runTest" time="0.556" classname="TestClass"/>
</testsuite> <!-- TestClass -->
