<?xml version="1.0" encoding="UTF-8"?>
<!-- Generated by org.testng.reporters.JUnitReportReporter -->
<testsuite hostname="AdminisorsAir62.lan" name="test.TestClass" tests="1" failures="0" timestamp="26 Mar 2017 17:18:48 GMT" time="82.257" errors="0">
  <testcase name="runTest" time="82.257" classname="test.TestClass"/>
</testsuite> <!-- test.TestClass -->
